Release 14.7 - xst P.20131013 (nt64)
Copyright (c) 1995-2013 Xilinx, Inc.  All rights reserved.
--> Parameter TMPDIR set to xst/projnav.tmp


Total REAL time to Xst completion: 0.00 secs
Total CPU time to Xst completion: 0.19 secs
 
--> Parameter xsthdpdir set to xst


Total REAL time to Xst completion: 0.00 secs
Total CPU time to Xst completion: 0.19 secs
 
--> Reading design: bfsm.prj

TABLE OF CONTENTS
  1) Synthesis Options Summary
  2) HDL Parsing
  3) HDL Elaboration
  4) HDL Synthesis
       4.1) HDL Synthesis Report
  5) Advanced HDL Synthesis
       5.1) Advanced HDL Synthesis Report
  6) Low Level Synthesis
  7) Partition Report
  8) Design Summary
       8.1) Primitive and Black Box Usage
       8.2) Device utilization summary
       8.3) Partition Resource Summary
       8.4) Timing Report
            8.4.1) Clock Information
            8.4.2) Asynchronous Control Signals Information
            8.4.3) Timing Summary
            8.4.4) Timing Details
            8.4.5) Cross Clock Domains Report


=========================================================================
*                      Synthesis Options Summary                        *
=========================================================================
---- Source Parameters
Input File Name                    : "bfsm.prj"
Ignore Synthesis Constraint File   : NO

---- Target Parameters
Output File Name                   : "bfsm"
Output Format                      : NGC
Target Device                      : xa7a100t-2I-csg324

---- Source Options
Top Module Name                    : bfsm
Automatic FSM Extraction           : YES
FSM Encoding Algorithm             : Auto
Safe Implementation                : No
FSM Style                          : LUT
RAM Extraction                     : Yes
RAM Style                          : Auto
ROM Extraction                     : Yes
Shift Register Extraction          : YES
ROM Style                          : Auto
Resource Sharing                   : YES
Asynchronous To Synchronous        : NO
Shift Register Minimum Size        : 2
Use DSP Block                      : Auto
Automatic Register Balancing       : No

---- Target Options
LUT Combining                      : Auto
Reduce Control Sets                : Auto
Add IO Buffers                     : YES
Global Maximum Fanout              : 100000
Add Generic Clock Buffer(BUFG)     : 32
Register Duplication               : YES
Optimize Instantiated Primitives   : NO
Use Clock Enable                   : Auto
Use Synchronous Set                : Auto
Use Synchronous Reset              : Auto
Pack IO Registers into IOBs        : Auto
Equivalent register Removal        : YES

---- General Options
Optimization Goal                  : Speed
Optimization Effort                : 1
Power Reduction                    : NO
Keep Hierarchy                     : No
Netlist Hierarchy                  : As_Optimized
RTL Output                         : Yes
Global Optimization                : AllClockNets
Read Cores                         : YES
Write Timing Constraints           : NO
Cross Clock Analysis               : NO
Hierarchy Separator                : /
Bus Delimiter                      : <>
Case Specifier                     : Maintain
Slice Utilization Ratio            : 100
BRAM Utilization Ratio             : 100
DSP48 Utilization Ratio            : 100
Auto BRAM Packing                  : NO
Slice Utilization Ratio Delta      : 5

=========================================================================


=========================================================================
*                          HDL Parsing                                  *
=========================================================================
Analyzing Verilog file "C:\Users\student\Documents\Temp\multicycle\bfsm.v" into library work
Parsing module <bfsm>.

=========================================================================
*                            HDL Elaboration                            *
=========================================================================

Elaborating module <bfsm>.

=========================================================================
*                           HDL Synthesis                               *
=========================================================================

Synthesizing Unit <bfsm>.
    Related source file is "C:\Users\student\Documents\Temp\multicycle\bfsm.v".
WARNING:Xst:647 - Input <ir<8:0>> is never used. This port will be preserved and left unconnected if it belongs to a top-level block or it belongs to a sub-block and the hierarchy of this sub-block is preserved.
    Found 1-bit register for signal <ldmdr>.
    Found 1-bit register for signal <ldmar>.
    Found 1-bit register for signal <ldsp>.
    Found 1-bit register for signal <ldpc>.
    Found 1-bit register for signal <ldt>.
    Found 1-bit register for signal <tir>.
    Found 1-bit register for signal <tmdr>.
    Found 1-bit register for signal <tmar>.
    Found 1-bit register for signal <tsp>.
    Found 1-bit register for signal <tpc>.
    Found 1-bit register for signal <tt>.
    Found 1-bit register for signal <rd>.
    Found 1-bit register for signal <wr>.
    Found 1-bit register for signal <memrd>.
    Found 1-bit register for signal <memwr>.
    Found 3-bit register for signal <fnsel>.
    Found 1-bit register for signal <M1>.
    Found 4-bit register for signal <state>.
    Found 1-bit register for signal <ldir>.
    Found finite state machine <FSM_0> for signal <state>.
    -----------------------------------------------------------------------
    | States             | 13                                             |
    | Transitions        | 37                                             |
    | Inputs             | 11                                             |
    | Outputs            | 24                                             |
    | Clock              | clk (rising_edge)                              |
    | Power Up State     | 0000                                           |
    | Encoding           | auto                                           |
    | Implementation     | LUT                                            |
    -----------------------------------------------------------------------
    Summary:
	inferred  20 D-type flip-flop(s).
	inferred   1 Finite State Machine(s).
Unit <bfsm> synthesized.

=========================================================================
HDL Synthesis Report

Macro Statistics
# Registers                                            : 18
 1-bit register                                        : 17
 3-bit register                                        : 1
# FSMs                                                 : 1

=========================================================================

=========================================================================
*                       Advanced HDL Synthesis                          *
=========================================================================

WARNING:Xst - The specified part-type was not generated at build time. XST is loading the full part-type and will therefore consume more CPU and memory.
Loading device for application Rf_Device from file '7a100t.nph' in environment C:\Xilinx\14.7\ISE_DS\ISE\.
Loading device for application Rf_Device from file '7a100t.nph' in environment C:\Xilinx\14.7\ISE_DS\ISE\.

=========================================================================
Advanced HDL Synthesis Report

Macro Statistics
# Registers                                            : 20
 Flip-Flops                                            : 20
# FSMs                                                 : 1

=========================================================================

=========================================================================
*                         Low Level Synthesis                           *
=========================================================================
Analyzing FSM <MFsm> for best encoding.
Optimizing FSM <FSM_0> on signal <state[1:13]> with one-hot encoding.
------------------------
 State | Encoding
------------------------
 0000  | 0000000000001
 0001  | 0000000000010
 0101  | 0000000000100
 0111  | 0000000001000
 0010  | 0000000010000
 0100  | 0000000100000
 0011  | 0000001000000
 1011  | 0000010000000
 1000  | 0000100000000
 0110  | 0001000000000
 1001  | 0010000000000
 1010  | 0100000000000
 1100  | 1000000000000
------------------------
INFO:Xst:2261 - The FF/Latch <tmar> in Unit <bfsm> is equivalent to the following FF/Latch, which will be removed : <memrd> 

Optimizing unit <bfsm> ...
INFO:Xst:2261 - The FF/Latch <tmdr> in Unit <bfsm> is equivalent to the following FF/Latch, which will be removed : <state_FSM_FFd1> 

Mapping all equations...
Building and optimizing final netlist ...
Found area constraint ratio of 100 (+ 5) on block bfsm, actual ratio is 0.

Final Macro Processing ...

=========================================================================
Final Register Report

Macro Statistics
# Registers                                            : 31
 Flip-Flops                                            : 31

=========================================================================

=========================================================================
*                           Partition Report                            *
=========================================================================

Partition Implementation Status
-------------------------------

  No Partitions were found in this design.

-------------------------------

=========================================================================
*                            Design Summary                             *
=========================================================================

Top Level Output File Name         : bfsm.ngc

Primitive and Black Box Usage:
------------------------------
# BELS                             : 36
#      LUT2                        : 7
#      LUT3                        : 4
#      LUT4                        : 5
#      LUT5                        : 7
#      LUT6                        : 13
# FlipFlops/Latches                : 31
#      FD                          : 12
#      FDE                         : 19
# Clock Buffers                    : 1
#      BUFGP                       : 1
# IO Buffers                       : 35
#      IBUF                        : 11
#      OBUF                        : 24

Device utilization summary:
---------------------------

Selected Device : xa7a100tcsg324-2i 


Slice Logic Utilization: 
 Number of Slice Registers:              31  out of  126800     0%  
 Number of Slice LUTs:                   36  out of  63400     0%  
    Number used as Logic:                36  out of  63400     0%  

Slice Logic Distribution: 
 Number of LUT Flip Flop pairs used:     42
   Number with an unused Flip Flop:      11  out of     42    26%  
   Number with an unused LUT:             6  out of     42    14%  
   Number of fully used LUT-FF pairs:    25  out of     42    59%  
   Number of unique control sets:         2

IO Utilization: 
 Number of IOs:                          45
 Number of bonded IOBs:                  36  out of    210    17%  

Specific Feature Utilization:
 Number of BUFG/BUFGCTRLs:                1  out of     32     3%  

---------------------------
Partition Resource Summary:
---------------------------

  No Partitions were found in this design.

---------------------------


=========================================================================
Timing Report

NOTE: THESE TIMING NUMBERS ARE ONLY A SYNTHESIS ESTIMATE.
      FOR ACCURATE TIMING INFORMATION PLEASE REFER TO THE TRACE REPORT
      GENERATED AFTER PLACE-and-ROUTE.

Clock Information:
------------------
-----------------------------------+------------------------+-------+
Clock Signal                       | Clock buffer(FF name)  | Load  |
-----------------------------------+------------------------+-------+
clk                                | BUFGP                  | 31    |
-----------------------------------+------------------------+-------+

Asynchronous Control Signals Information:
----------------------------------------
No asynchronous control signals found in this design

Timing Summary:
---------------
Speed Grade: -2

   Minimum period: 2.301ns (Maximum Frequency: 434.660MHz)
   Minimum input arrival time before clock: 1.749ns
   Maximum output required time after clock: 1.589ns
   Maximum combinational path delay: No path found

Timing Details:
---------------
All values displayed in nanoseconds (ns)

=========================================================================
Timing constraint: Default period analysis for Clock 'clk'
  Clock period: 2.301ns (frequency: 434.660MHz)
  Total number of paths / destination ports: 313 / 50
-------------------------------------------------------------------------
Delay:               2.301ns (Levels of Logic = 2)
  Source:            state_FSM_FFd8 (FF)
  Destination:       ldmar (FF)
  Source Clock:      clk rising
  Destination Clock: clk rising

  Data Path: state_FSM_FFd8 to ldmar
                                Gate     Net
    Cell:in->out      fanout   Delay   Delay  Logical Name (Net Name)
    ----------------------------------------  ------------
     FD:C->Q               6   0.361   0.771  state_FSM_FFd8 (state_FSM_FFd8)
     LUT5:I0->O            1   0.097   0.439  state__n0136_inv2 (state__n0136_inv1)
     LUT4:I2->O           19   0.097   0.440  state__n0136_inv3 (_n0136_inv)
     FDE:CE                    0.095          ldmar
    ----------------------------------------
    Total                      2.301ns (0.650ns logic, 1.651ns route)
                                       (28.3% logic, 71.7% route)

=========================================================================
Timing constraint: Default OFFSET IN BEFORE for Clock 'clk'
  Total number of paths / destination ports: 61 / 7
-------------------------------------------------------------------------
Offset:              1.749ns (Levels of Logic = 3)
  Source:            ir<13> (PAD)
  Destination:       state_FSM_FFd13 (FF)
  Destination Clock: clk rising

  Data Path: ir<13> to state_FSM_FFd13
                                Gate     Net
    Cell:in->out      fanout   Delay   Delay  Logical Name (Net Name)
    ----------------------------------------  ------------
     IBUF:I->O            10   0.001   0.803  ir_13_IBUF (ir_13_IBUF)
     LUT6:I0->O            1   0.097   0.743  state_FSM_FFd13-In2 (state_FSM_FFd13-In2)
     LUT6:I1->O            1   0.097   0.000  state_FSM_FFd13-In3 (state_FSM_FFd13-In)
     FD:D                      0.008          state_FSM_FFd13
    ----------------------------------------
    Total                      1.749ns (0.203ns logic, 1.546ns route)
                                       (11.6% logic, 88.4% route)

=========================================================================
Timing constraint: Default OFFSET OUT AFTER for Clock 'clk'
  Total number of paths / destination ports: 42 / 24
-------------------------------------------------------------------------
Offset:              1.589ns (Levels of Logic = 2)
  Source:            state_FSM_FFd11 (FF)
  Destination:       state<0> (PAD)
  Source Clock:      clk rising

  Data Path: state_FSM_FFd11 to state<0>
                                Gate     Net
    Cell:in->out      fanout   Delay   Delay  Logical Name (Net Name)
    ----------------------------------------  ------------
     FD:C->Q               8   0.361   0.792  state_FSM_FFd11 (state_FSM_FFd11)
     LUT6:I0->O            1   0.097   0.339  state_state<0>1 (state_0_OBUF)
     OBUF:I->O                 0.000          state_0_OBUF (state<0>)
    ----------------------------------------
    Total                      1.589ns (0.458ns logic, 1.131ns route)
                                       (28.8% logic, 71.2% route)

=========================================================================

Cross Clock Domains Report:
--------------------------

Clock to Setup on destination clock clk
---------------+---------+---------+---------+---------+
               | Src:Rise| Src:Fall| Src:Rise| Src:Fall|
Source Clock   |Dest:Rise|Dest:Rise|Dest:Fall|Dest:Fall|
---------------+---------+---------+---------+---------+
clk            |    2.301|         |         |         |
---------------+---------+---------+---------+---------+

=========================================================================


Total REAL time to Xst completion: 30.00 secs
Total CPU time to Xst completion: 29.74 secs
 
--> 

Total memory usage is 750656 kilobytes

Number of errors   :    0 (   0 filtered)
Number of warnings :    2 (   0 filtered)
Number of infos    :    2 (   0 filtered)

